[debug] [2021-06-20T09:14:57.912Z] ----------------------------------------------------------------------
[debug] [2021-06-20T09:14:57.933Z] Command:       C:\Program Files\nodejs\node.exe C:\Users\nhatm\AppData\Roaming\npm\node_modules\firebase-tools\lib\bin\firebase.js init
[debug] [2021-06-20T09:14:57.934Z] CLI Version:   9.13.1
[debug] [2021-06-20T09:14:57.934Z] Platform:      win32
[debug] [2021-06-20T09:14:57.934Z] Node Version:  v14.17.0
[debug] [2021-06-20T09:14:57.968Z] Time:          Sun Jun 20 2021 16:14:57 GMT+0700 (Indochina Time)
[debug] [2021-06-20T09:14:57.969Z] ----------------------------------------------------------------------
[debug] 
[debug] [2021-06-20T09:14:57.994Z] >>> [apiv2][query] GET https://firebase-public.firebaseio.com/cli.json [none]
[debug] [2021-06-20T09:14:58.067Z] > command requires scopes: ["email","openid","https://www.googleapis.com/auth/cloudplatformprojects.readonly","https://www.googleapis.com/auth/firebase","https://www.googleapis.com/auth/cloud-platform"]
[debug] [2021-06-20T09:14:58.067Z] > authorizing via signed-in user (nhatminh232000@gmail.com)
[info] 
     ######## #### ########  ######## ########     ###     ######  ########
     ##        ##  ##     ## ##       ##     ##  ##   ##  ##       ##
     ######    ##  ########  ######   ########  #########  ######  ######
     ##        ##  ##    ##  ##       ##     ## ##     ##       ## ##
     ##       #### ##     ## ######## ########  ##     ##  ######  ########

You're about to initialize a Firebase project in this directory:

  E:\Minh\tdapppc

[debug] [2021-06-20T09:14:58.996Z] <<< [apiv2][status] GET https://firebase-public.firebaseio.com/cli.json 200
[debug] [2021-06-20T09:14:58.997Z] <<< [apiv2][body] GET https://firebase-public.firebaseio.com/cli.json {"cloudBuildErrorAfter":1594252800000,"cloudBuildWarnAfter":1590019200000,"defaultNode10After":1594252800000,"minVersion":"3.0.5","node8DeploysDisabledAfter":1613390400000,"node8RuntimeDisabledAfter":1615809600000,"node8WarnAfter":1600128000000}
